<?xml version="1.0" encoding="UTF-8"?>
<coverage generated="1691619203101" clover="3.2.0">
  <project timestamp="1691619203101" name="All files">
    <metrics statements="86" coveredstatements="31" conditionals="37" coveredconditionals="8" methods="36" coveredmethods="9" elements="159" coveredelements="48" complexity="0" loc="86" ncloc="86" packages="7" files="9" classes="9"/>
    <package name="Components.CommunityUser">
      <metrics statements="9" coveredstatements="4" conditionals="11" coveredconditionals="1" methods="9" coveredmethods="1"/>
      <file name="CommunityUser.jsx" path="C:\Users\Kevin_Bran\Desktop\CRE Advanced Front-End Program\React State Management\Mastering-State-in-React\Mastering-State-in-React\src\Components\CommunityUser\CommunityUser.jsx">
        <metrics statements="9" coveredstatements="4" conditionals="11" coveredconditionals="1" methods="9" coveredmethods="1"/>
        <line num="9" count="2" type="stmt"/>
        <line num="10" count="2" type="stmt"/>
        <line num="12" count="2" type="stmt"/>
        <line num="13" count="0" type="cond" truecount="0" falsecount="4"/>
        <line num="14" count="0" type="stmt"/>
        <line num="16" count="0" type="stmt"/>
        <line num="19" count="0" type="stmt"/>
        <line num="24" count="2" type="stmt"/>
        <line num="46" count="0" type="cond" truecount="0" falsecount="2"/>
      </file>
    </package>
    <package name="Components.Footer">
      <metrics statements="2" coveredstatements="2" conditionals="0" coveredconditionals="0" methods="1" coveredmethods="1"/>
      <file name="Footer.jsx" path="C:\Users\Kevin_Bran\Desktop\CRE Advanced Front-End Program\React State Management\Mastering-State-in-React\Mastering-State-in-React\src\Components\Footer\Footer.jsx">
        <metrics statements="2" coveredstatements="2" conditionals="0" coveredconditionals="0" methods="1" coveredmethods="1"/>
        <line num="3" count="1" type="stmt"/>
        <line num="4" count="1" type="stmt"/>
      </file>
    </package>
    <package name="Components.Header">
      <metrics statements="5" coveredstatements="5" conditionals="2" coveredconditionals="1" methods="2" coveredmethods="2"/>
      <file name="Header.jsx" path="C:\Users\Kevin_Bran\Desktop\CRE Advanced Front-End Program\React State Management\Mastering-State-in-React\Mastering-State-in-React\src\Components\Header\Header.jsx">
        <metrics statements="5" coveredstatements="5" conditionals="2" coveredconditionals="1" methods="2" coveredmethods="2"/>
        <line num="6" count="1" type="stmt"/>
        <line num="8" count="1" type="stmt"/>
        <line num="9" count="1" type="stmt"/>
        <line num="10" count="1" type="stmt"/>
        <line num="13" count="1" type="stmt"/>
      </file>
    </package>
    <package name="Components.JoinOurProgram">
      <metrics statements="27" coveredstatements="7" conditionals="20" coveredconditionals="6" methods="7" coveredmethods="3"/>
      <file name="JoinOurProgram.jsx" path="C:\Users\Kevin_Bran\Desktop\CRE Advanced Front-End Program\React State Management\Mastering-State-in-React\Mastering-State-in-React\src\Components\JoinOurProgram\JoinOurProgram.jsx">
        <metrics statements="27" coveredstatements="7" conditionals="20" coveredconditionals="6" methods="7" coveredmethods="3"/>
        <line num="9" count="2" type="stmt"/>
        <line num="10" count="4" type="stmt"/>
        <line num="12" count="2" type="stmt"/>
        <line num="17" count="0" type="stmt"/>
        <line num="21" count="2" type="stmt"/>
        <line num="22" count="0" type="cond" truecount="0" falsecount="2"/>
        <line num="23" count="0" type="stmt"/>
        <line num="24" count="0" type="cond" truecount="0" falsecount="2"/>
        <line num="25" count="0" type="stmt"/>
        <line num="26" count="0" type="stmt"/>
        <line num="28" count="0" type="cond" truecount="0" falsecount="2"/>
        <line num="29" count="0" type="stmt"/>
        <line num="31" count="0" type="stmt"/>
        <line num="35" count="0" type="stmt"/>
        <line num="39" count="2" type="stmt"/>
        <line num="40" count="0" type="cond" truecount="0" falsecount="2"/>
        <line num="41" count="0" type="stmt"/>
        <line num="42" count="0" type="cond" truecount="0" falsecount="2"/>
        <line num="43" count="0" type="stmt"/>
        <line num="44" count="0" type="stmt"/>
        <line num="46" count="0" type="cond" truecount="0" falsecount="2"/>
        <line num="47" count="0" type="stmt"/>
        <line num="49" count="0" type="stmt"/>
        <line num="53" count="0" type="stmt"/>
        <line num="57" count="2" type="stmt"/>
        <line num="64" count="2" type="stmt"/>
        <line num="73" count="0" type="cond" truecount="3" falsecount="1"/>
      </file>
    </package>
    <package name="Components.PageNotFound">
      <metrics statements="1" coveredstatements="1" conditionals="0" coveredconditionals="0" methods="1" coveredmethods="1"/>
      <file name="PageNotFound.jsx" path="C:\Users\Kevin_Bran\Desktop\CRE Advanced Front-End Program\React State Management\Mastering-State-in-React\Mastering-State-in-React\src\Components\PageNotFound\PageNotFound.jsx">
        <metrics statements="1" coveredstatements="1" conditionals="0" coveredconditionals="0" methods="1" coveredmethods="1"/>
        <line num="5" count="4" type="stmt"/>
      </file>
    </package>
    <package name="mocks">
      <metrics statements="4" coveredstatements="4" conditionals="0" coveredconditionals="0" methods="1" coveredmethods="1"/>
      <file name="mockStore.js" path="C:\Users\Kevin_Bran\Desktop\CRE Advanced Front-End Program\React State Management\Mastering-State-in-React\Mastering-State-in-React\src\mocks\mockStore.js">
        <metrics statements="4" coveredstatements="4" conditionals="0" coveredconditionals="0" methods="1" coveredmethods="1"/>
        <line num="3" count="1" type="stmt"/>
        <line num="5" count="1" type="stmt"/>
        <line num="6" count="2" type="stmt"/>
        <line num="21" count="2" type="stmt"/>
      </file>
    </package>
    <package name="redux">
      <metrics statements="38" coveredstatements="8" conditionals="4" coveredconditionals="0" methods="15" coveredmethods="0"/>
      <file name="subscriptionSlice.js" path="C:\Users\Kevin_Bran\Desktop\CRE Advanced Front-End Program\React State Management\Mastering-State-in-React\Mastering-State-in-React\src\redux\subscriptionSlice.js">
        <metrics statements="26" coveredstatements="3" conditionals="4" coveredconditionals="0" methods="9" coveredmethods="0"/>
        <line num="3" count="1" type="stmt"/>
        <line num="6" count="0" type="stmt"/>
        <line num="8" count="0" type="stmt"/>
        <line num="14" count="0" type="stmt"/>
        <line num="16" count="0" type="cond" truecount="0" falsecount="2"/>
        <line num="17" count="0" type="stmt"/>
        <line num="20" count="0" type="stmt"/>
        <line num="22" count="0" type="stmt"/>
        <line num="27" count="1" type="stmt"/>
        <line num="30" count="0" type="stmt"/>
        <line num="31" count="0" type="stmt"/>
        <line num="36" count="0" type="stmt"/>
        <line num="37" count="0" type="cond" truecount="0" falsecount="2"/>
        <line num="38" count="0" type="stmt"/>
        <line num="41" count="0" type="stmt"/>
        <line num="43" count="0" type="stmt"/>
        <line num="48" count="1" type="stmt"/>
        <line num="53" count="0" type="stmt"/>
        <line num="55" count="0" type="stmt"/>
        <line num="58" count="0" type="stmt"/>
        <line num="61" count="0" type="stmt"/>
        <line num="62" count="0" type="stmt"/>
        <line num="65" count="0" type="stmt"/>
        <line num="68" count="0" type="stmt"/>
        <line num="71" count="0" type="stmt"/>
        <line num="72" count="0" type="stmt"/>
      </file>
      <file name="userSlice.js" path="C:\Users\Kevin_Bran\Desktop\CRE Advanced Front-End Program\React State Management\Mastering-State-in-React\Mastering-State-in-React\src\redux\userSlice.js">
        <metrics statements="9" coveredstatements="3" conditionals="0" coveredconditionals="0" methods="5" coveredmethods="0"/>
        <line num="3" count="1" type="stmt"/>
        <line num="6" count="0" type="stmt"/>
        <line num="7" count="0" type="stmt"/>
        <line num="8" count="0" type="stmt"/>
        <line num="12" count="1" type="stmt"/>
        <line num="16" count="0" type="stmt"/>
        <line num="19" count="0" type="stmt"/>
        <line num="21" count="0" type="stmt"/>
        <line num="26" count="1" type="stmt"/>
      </file>
      <file name="visibilitySlice.js" path="C:\Users\Kevin_Bran\Desktop\CRE Advanced Front-End Program\React State Management\Mastering-State-in-React\Mastering-State-in-React\src\redux\visibilitySlice.js">
        <metrics statements="3" coveredstatements="2" conditionals="0" coveredconditionals="0" methods="1" coveredmethods="0"/>
        <line num="3" count="1" type="stmt"/>
        <line num="8" count="0" type="stmt"/>
        <line num="13" count="1" type="stmt"/>
      </file>
    </package>
  </project>
</coverage>
