{"C:\\Users\\Kevin_Bran\\Desktop\\CRE Advanced Front-End Program\\React State Management\\Mastering-State-in-React\\Mastering-State-in-React\\src\\Components\\CommunityUser\\CommunityUser.jsx": {"path":"C:\\Users\\Kevin_Bran\\Desktop\\CRE Advanced Front-End Program\\React State Management\\Mastering-State-in-React\\Mastering-State-in-React\\src\\Components\\CommunityUser\\CommunityUser.jsx","statementMap":{"0":{"start":{"line":9,"column":17},"end":{"line":9,"column":28}},"1":{"start":{"line":10,"column":34},"end":{"line":10,"column":48}},"2":{"start":{"line":12,"column":2},"end":{"line":22,"column":17}},"3":{"start":{"line":13,"column":4},"end":{"line":21,"column":5}},"4":{"start":{"line":14,"column":6},"end":{"line":20,"column":11}},"5":{"start":{"line":16,"column":10},"end":{"line":16,"column":37}},"6":{"start":{"line":19,"column":30},"end":{"line":19,"column":95}},"7":{"start":{"line":24,"column":2},"end":{"line":36,"column":3}},"8":{"start":{"line":46,"column":38},"end":{"line":46,"column":36840}},"9":{"start":{"line":46,"column":42},"end":{"line":46,"column":36829}},"10":{"start":{"line":46,"column":36865},"end":{"line":46,"column":36905}},"11":{"start":{"line":46,"column":36869},"end":{"line":46,"column":36894}},"12":{"start":{"line":46,"column":36906},"end":{"line":46,"column":36914}},"13":{"start":{"line":46,"column":36939},"end":{"line":46,"column":36981}},"14":{"start":{"line":46,"column":36943},"end":{"line":46,"column":36970}},"15":{"start":{"line":46,"column":36982},"end":{"line":46,"column":36990}},"16":{"start":{"line":46,"column":37009},"end":{"line":46,"column":37046}},"17":{"start":{"line":46,"column":37013},"end":{"line":46,"column":37035}},"18":{"start":{"line":46,"column":37065},"end":{"line":46,"column":37105}},"19":{"start":{"line":46,"column":37069},"end":{"line":46,"column":37094}}},"fnMap":{"0":{"name":"CommunityUser","decl":{"start":{"line":8,"column":24},"end":{"line":8,"column":37}},"loc":{"start":{"line":8,"column":48},"end":{"line":37,"column":1}},"line":8},"1":{"name":"(anonymous_1)","decl":{"start":{"line":12,"column":12},"end":{"line":12,"column":13}},"loc":{"start":{"line":12,"column":18},"end":{"line":22,"column":3}},"line":12},"2":{"name":"(anonymous_2)","decl":{"start":{"line":15,"column":14},"end":{"line":15,"column":15}},"loc":{"start":{"line":15,"column":26},"end":{"line":17,"column":9}},"line":15},"3":{"name":"(anonymous_3)","decl":{"start":{"line":18,"column":15},"end":{"line":18,"column":16}},"loc":{"start":{"line":18,"column":24},"end":{"line":20,"column":9}},"line":18},"4":{"name":"oo_cm","decl":{"start":{"line":46,"column":30},"end":{"line":46,"column":35}},"loc":{"start":{"line":46,"column":37},"end":{"line":46,"column":36841}},"line":46},"5":{"name":"oo_oo","decl":{"start":{"line":46,"column":36851},"end":{"line":46,"column":36856}},"loc":{"start":{"line":46,"column":36864},"end":{"line":46,"column":36915}},"line":46},"6":{"name":"oo_tr","decl":{"start":{"line":46,"column":36925},"end":{"line":46,"column":36930}},"loc":{"start":{"line":46,"column":36938},"end":{"line":46,"column":36991}},"line":46},"7":{"name":"oo_ts","decl":{"start":{"line":46,"column":37001},"end":{"line":46,"column":37006}},"loc":{"start":{"line":46,"column":37008},"end":{"line":46,"column":37047}},"line":46},"8":{"name":"oo_te","decl":{"start":{"line":46,"column":37057},"end":{"line":46,"column":37062}},"loc":{"start":{"line":46,"column":37064},"end":{"line":46,"column":37106}},"line":46}},"branchMap":{"0":{"loc":{"start":{"line":13,"column":4},"end":{"line":21,"column":5}},"type":"if","locations":[{"start":{"line":13,"column":4},"end":{"line":21,"column":5}},{"start":{},"end":{}}],"line":13},"1":{"loc":{"start":{"line":13,"column":8},"end":{"line":13,"column":19}},"type":"binary-expr","locations":[{"start":{"line":13,"column":8},"end":{"line":13,"column":10}},{"start":{"line":13,"column":14},"end":{"line":13,"column":19}}],"line":13},"2":{"loc":{"start":{"line":25,"column":4},"end":{"line":35,"column":10}},"type":"cond-expr","locations":[{"start":{"line":26,"column":4},"end":{"line":31,"column":10}},{"start":{"line":33,"column":4},"end":{"line":35,"column":10}}],"line":25},"3":{"loc":{"start":{"line":29,"column":7},"end":{"line":29,"column":170}},"type":"binary-expr","locations":[{"start":{"line":29,"column":7},"end":{"line":29,"column":26}},{"start":{"line":29,"column":30},"end":{"line":29,"column":48}},{"start":{"line":29,"column":52},"end":{"line":29,"column":170}}],"line":29},"4":{"loc":{"start":{"line":46,"column":49},"end":{"line":46,"column":36828}},"type":"binary-expr","locations":[{"start":{"line":46,"column":49},"end":{"line":46,"column":86}},{"start":{"line":46,"column":90},"end":{"line":46,"column":36828}}],"line":46}},"s":{"0":2,"1":2,"2":2,"3":0,"4":0,"5":0,"6":0,"7":2,"8":0,"9":0,"10":0,"11":0,"12":0,"13":0,"14":0,"15":0,"16":0,"17":0,"18":0,"19":0},"f":{"0":2,"1":0,"2":0,"3":0,"4":0,"5":0,"6":0,"7":0,"8":0},"b":{"0":[0,0],"1":[0,0],"2":[0,2],"3":[0,0,0],"4":[0,0]},"_coverageSchema":"1a1c01bbd47fc00a2c39e90264f33305004495a9","hash":"7c577e4cc9f08537f531e4fe5088141670a74517"}
,"C:\\Users\\Kevin_Bran\\Desktop\\CRE Advanced Front-End Program\\React State Management\\Mastering-State-in-React\\Mastering-State-in-React\\src\\Components\\Footer\\Footer.jsx": {"path":"C:\\Users\\Kevin_Bran\\Desktop\\CRE Advanced Front-End Program\\React State Management\\Mastering-State-in-React\\Mastering-State-in-React\\src\\Components\\Footer\\Footer.jsx","statementMap":{"0":{"start":{"line":3,"column":15},"end":{"line":18,"column":1}},"1":{"start":{"line":4,"column":4},"end":{"line":17,"column":6}}},"fnMap":{"0":{"name":"(anonymous_0)","decl":{"start":{"line":3,"column":15},"end":{"line":3,"column":16}},"loc":{"start":{"line":3,"column":21},"end":{"line":18,"column":1}},"line":3}},"branchMap":{},"s":{"0":1,"1":1},"f":{"0":1},"b":{},"_coverageSchema":"1a1c01bbd47fc00a2c39e90264f33305004495a9","hash":"3d6baf20f29a502d0bf9fc40a097bef012d7a100"}
,"C:\\Users\\Kevin_Bran\\Desktop\\CRE Advanced Front-End Program\\React State Management\\Mastering-State-in-React\\Mastering-State-in-React\\src\\Components\\Header\\Header.jsx": {"path":"C:\\Users\\Kevin_Bran\\Desktop\\CRE Advanced Front-End Program\\React State Management\\Mastering-State-in-React\\Mastering-State-in-React\\src\\Components\\Header\\Header.jsx","statementMap":{"0":{"start":{"line":6,"column":19},"end":{"line":6,"column":32}},"1":{"start":{"line":8,"column":39},"end":{"line":11,"column":3}},"2":{"start":{"line":9,"column":4},"end":{"line":9,"column":50}},"3":{"start":{"line":10,"column":4},"end":{"line":10,"column":28}},"4":{"start":{"line":13,"column":2},"end":{"line":22,"column":3}}},"fnMap":{"0":{"name":"Header","decl":{"start":{"line":5,"column":24},"end":{"line":5,"column":30}},"loc":{"start":{"line":5,"column":81},"end":{"line":23,"column":1}},"line":5},"1":{"name":"(anonymous_1)","decl":{"start":{"line":8,"column":39},"end":{"line":8,"column":40}},"loc":{"start":{"line":8,"column":45},"end":{"line":11,"column":3}},"line":8}},"branchMap":{"0":{"loc":{"start":{"line":19,"column":9},"end":{"line":19,"column":63}},"type":"cond-expr","locations":[{"start":{"line":19,"column":32},"end":{"line":19,"column":46}},{"start":{"line":19,"column":49},"end":{"line":19,"column":63}}],"line":19}},"s":{"0":1,"1":1,"2":1,"3":1,"4":1},"f":{"0":1,"1":1},"b":{"0":[1,0]},"_coverageSchema":"1a1c01bbd47fc00a2c39e90264f33305004495a9","hash":"3e51e22c078aab347b04e93049d76ef8dc2fe137"}
,"C:\\Users\\Kevin_Bran\\Desktop\\CRE Advanced Front-End Program\\React State Management\\Mastering-State-in-React\\Mastering-State-in-React\\src\\Components\\JoinOurProgram\\JoinOurProgram.jsx": {"path":"C:\\Users\\Kevin_Bran\\Desktop\\CRE Advanced Front-End Program\\React State Management\\Mastering-State-in-React\\Mastering-State-in-React\\src\\Components\\JoinOurProgram\\JoinOurProgram.jsx","statementMap":{"0":{"start":{"line":9,"column":19},"end":{"line":9,"column":32}},"1":{"start":{"line":10,"column":28},"end":{"line":10,"column":68}},"2":{"start":{"line":10,"column":49},"end":{"line":10,"column":67}},"3":{"start":{"line":12,"column":27},"end":{"line":19,"column":4}},"4":{"start":{"line":17,"column":16},"end":{"line":17,"column":43}},"5":{"start":{"line":21,"column":26},"end":{"line":37,"column":3}},"6":{"start":{"line":22,"column":4},"end":{"line":36,"column":5}},"7":{"start":{"line":23,"column":27},"end":{"line":23,"column":70}},"8":{"start":{"line":24,"column":6},"end":{"line":33,"column":7}},"9":{"start":{"line":25,"column":8},"end":{"line":25,"column":39}},"10":{"start":{"line":26,"column":8},"end":{"line":26,"column":44}},"11":{"start":{"line":28,"column":8},"end":{"line":32,"column":9}},"12":{"start":{"line":29,"column":10},"end":{"line":29,"column":46}},"13":{"start":{"line":31,"column":10},"end":{"line":31,"column":49}},"14":{"start":{"line":35,"column":6},"end":{"line":35,"column":40}},"15":{"start":{"line":39,"column":28},"end":{"line":55,"column":3}},"16":{"start":{"line":40,"column":4},"end":{"line":54,"column":5}},"17":{"start":{"line":41,"column":27},"end":{"line":41,"column":65}},"18":{"start":{"line":42,"column":6},"end":{"line":51,"column":7}},"19":{"start":{"line":43,"column":8},"end":{"line":43,"column":29}},"20":{"start":{"line":44,"column":8},"end":{"line":44,"column":44}},"21":{"start":{"line":46,"column":8},"end":{"line":50,"column":9}},"22":{"start":{"line":47,"column":10},"end":{"line":47,"column":46}},"23":{"start":{"line":49,"column":10},"end":{"line":49,"column":49}},"24":{"start":{"line":53,"column":6},"end":{"line":53,"column":40}},"25":{"start":{"line":57,"column":2},"end":{"line":80,"column":4}},"26":{"start":{"line":64,"column":8},"end":{"line":77,"column":15}},"27":{"start":{"line":73,"column":135},"end":{"line":73,"column":166}}},"fnMap":{"0":{"name":"JoinOurProgram","decl":{"start":{"line":8,"column":24},"end":{"line":8,"column":38}},"loc":{"start":{"line":8,"column":41},"end":{"line":81,"column":1}},"line":8},"1":{"name":"(anonymous_1)","decl":{"start":{"line":10,"column":40},"end":{"line":10,"column":41}},"loc":{"start":{"line":10,"column":49},"end":{"line":10,"column":67}},"line":10},"2":{"name":"(anonymous_2)","decl":{"start":{"line":16,"column":58},"end":{"line":16,"column":59}},"loc":{"start":{"line":16,"column":69},"end":{"line":18,"column":15}},"line":16},"3":{"name":"(anonymous_3)","decl":{"start":{"line":21,"column":26},"end":{"line":21,"column":27}},"loc":{"start":{"line":21,"column":44},"end":{"line":37,"column":3}},"line":21},"4":{"name":"(anonymous_4)","decl":{"start":{"line":39,"column":28},"end":{"line":39,"column":29}},"loc":{"start":{"line":39,"column":45},"end":{"line":55,"column":3}},"line":39},"5":{"name":"(anonymous_5)","decl":{"start":{"line":63,"column":7},"end":{"line":63,"column":8}},"loc":{"start":{"line":64,"column":8},"end":{"line":77,"column":15}},"line":64},"6":{"name":"(anonymous_6)","decl":{"start":{"line":73,"column":129},"end":{"line":73,"column":130}},"loc":{"start":{"line":73,"column":135},"end":{"line":73,"column":166}},"line":73}},"branchMap":{"0":{"loc":{"start":{"line":22,"column":4},"end":{"line":36,"column":5}},"type":"if","locations":[{"start":{"line":22,"column":4},"end":{"line":36,"column":5}},{"start":{"line":34,"column":11},"end":{"line":36,"column":5}}],"line":22},"1":{"loc":{"start":{"line":24,"column":6},"end":{"line":33,"column":7}},"type":"if","locations":[{"start":{"line":24,"column":6},"end":{"line":33,"column":7}},{"start":{"line":27,"column":13},"end":{"line":33,"column":7}}],"line":24},"2":{"loc":{"start":{"line":28,"column":8},"end":{"line":32,"column":9}},"type":"if","locations":[{"start":{"line":28,"column":8},"end":{"line":32,"column":9}},{"start":{"line":30,"column":15},"end":{"line":32,"column":9}}],"line":28},"3":{"loc":{"start":{"line":40,"column":4},"end":{"line":54,"column":5}},"type":"if","locations":[{"start":{"line":40,"column":4},"end":{"line":54,"column":5}},{"start":{"line":52,"column":11},"end":{"line":54,"column":5}}],"line":40},"4":{"loc":{"start":{"line":42,"column":6},"end":{"line":51,"column":7}},"type":"if","locations":[{"start":{"line":42,"column":6},"end":{"line":51,"column":7}},{"start":{"line":45,"column":13},"end":{"line":51,"column":7}}],"line":42},"5":{"loc":{"start":{"line":46,"column":8},"end":{"line":50,"column":9}},"type":"if","locations":[{"start":{"line":46,"column":8},"end":{"line":50,"column":9}},{"start":{"line":48,"column":15},"end":{"line":50,"column":9}}],"line":46},"6":{"loc":{"start":{"line":69,"column":67},"end":{"line":69,"column":118}},"type":"binary-expr","locations":[{"start":{"line":69,"column":67},"end":{"line":69,"column":105}},{"start":{"line":69,"column":109},"end":{"line":69,"column":118}}],"line":69},"7":{"loc":{"start":{"line":69,"column":132},"end":{"line":69,"column":182}},"type":"binary-expr","locations":[{"start":{"line":69,"column":132},"end":{"line":69,"column":140}},{"start":{"line":69,"column":144},"end":{"line":69,"column":182}}],"line":69},"8":{"loc":{"start":{"line":73,"column":65},"end":{"line":73,"column":116}},"type":"binary-expr","locations":[{"start":{"line":73,"column":65},"end":{"line":73,"column":103}},{"start":{"line":73,"column":107},"end":{"line":73,"column":116}}],"line":73},"9":{"loc":{"start":{"line":73,"column":178},"end":{"line":73,"column":228}},"type":"binary-expr","locations":[{"start":{"line":73,"column":178},"end":{"line":73,"column":186}},{"start":{"line":73,"column":190},"end":{"line":73,"column":228}}],"line":73}},"s":{"0":2,"1":2,"2":4,"3":2,"4":0,"5":2,"6":0,"7":0,"8":0,"9":0,"10":0,"11":0,"12":0,"13":0,"14":0,"15":2,"16":0,"17":0,"18":0,"19":0,"20":0,"21":0,"22":0,"23":0,"24":0,"25":2,"26":2,"27":0},"f":{"0":2,"1":4,"2":0,"3":0,"4":0,"5":2,"6":0},"b":{"0":[0,0],"1":[0,0],"2":[0,0],"3":[0,0],"4":[0,0],"5":[0,0],"6":[2,0],"7":[2,2],"8":[2,0],"9":[2,2]},"_coverageSchema":"1a1c01bbd47fc00a2c39e90264f33305004495a9","hash":"6ca4c808b4ab4a7f3be40713719a48f71e8ae24e"}
,"C:\\Users\\Kevin_Bran\\Desktop\\CRE Advanced Front-End Program\\React State Management\\Mastering-State-in-React\\Mastering-State-in-React\\src\\Components\\PageNotFound\\PageNotFound.jsx": {"path":"C:\\Users\\Kevin_Bran\\Desktop\\CRE Advanced Front-End Program\\React State Management\\Mastering-State-in-React\\Mastering-State-in-React\\src\\Components\\PageNotFound\\PageNotFound.jsx","statementMap":{"0":{"start":{"line":5,"column":2},"end":{"line":16,"column":4}}},"fnMap":{"0":{"name":"PageNotFound","decl":{"start":{"line":4,"column":24},"end":{"line":4,"column":36}},"loc":{"start":{"line":4,"column":39},"end":{"line":17,"column":1}},"line":4}},"branchMap":{},"s":{"0":4},"f":{"0":4},"b":{},"_coverageSchema":"1a1c01bbd47fc00a2c39e90264f33305004495a9","hash":"06eac7dc3fb49f5b7c79f0634c65c6d2d115ad01"}
,"C:\\Users\\Kevin_Bran\\Desktop\\CRE Advanced Front-End Program\\React State Management\\Mastering-State-in-React\\Mastering-State-in-React\\src\\mocks\\mockStore.js": {"path":"C:\\Users\\Kevin_Bran\\Desktop\\CRE Advanced Front-End Program\\React State Management\\Mastering-State-in-React\\Mastering-State-in-React\\src\\mocks\\mockStore.js","statementMap":{"0":{"start":{"line":3,"column":18},"end":{"line":3,"column":38}},"1":{"start":{"line":5,"column":21},"end":{"line":22,"column":1}},"2":{"start":{"line":6,"column":23},"end":{"line":19,"column":3}},"3":{"start":{"line":21,"column":2},"end":{"line":21,"column":33}}},"fnMap":{"0":{"name":"(anonymous_0)","decl":{"start":{"line":5,"column":21},"end":{"line":5,"column":22}},"loc":{"start":{"line":5,"column":32},"end":{"line":22,"column":1}},"line":5}},"branchMap":{},"s":{"0":1,"1":1,"2":2,"3":2},"f":{"0":2},"b":{},"_coverageSchema":"1a1c01bbd47fc00a2c39e90264f33305004495a9","hash":"2b27bfa231c02767342d841fe572149615f3352a"}
,"C:\\Users\\Kevin_Bran\\Desktop\\CRE Advanced Front-End Program\\React State Management\\Mastering-State-in-React\\Mastering-State-in-React\\src\\redux\\subscriptionSlice.js": {"path":"C:\\Users\\Kevin_Bran\\Desktop\\CRE Advanced Front-End Program\\React State Management\\Mastering-State-in-React\\Mastering-State-in-React\\src\\redux\\subscriptionSlice.js","statementMap":{"0":{"start":{"line":3,"column":29},"end":{"line":25,"column":1}},"1":{"start":{"line":6,"column":4},"end":{"line":23,"column":5}},"2":{"start":{"line":8,"column":23},"end":{"line":12,"column":7}},"3":{"start":{"line":14,"column":32},"end":{"line":14,"column":88}},"4":{"start":{"line":16,"column":6},"end":{"line":18,"column":7}},"5":{"start":{"line":17,"column":8},"end":{"line":17,"column":54}},"6":{"start":{"line":20,"column":6},"end":{"line":20,"column":53}},"7":{"start":{"line":22,"column":6},"end":{"line":22,"column":89}},"8":{"start":{"line":27,"column":31},"end":{"line":46,"column":1}},"9":{"start":{"line":30,"column":4},"end":{"line":44,"column":5}},"10":{"start":{"line":31,"column":23},"end":{"line":34,"column":7}},"11":{"start":{"line":36,"column":34},"end":{"line":36,"column":92}},"12":{"start":{"line":37,"column":6},"end":{"line":39,"column":7}},"13":{"start":{"line":38,"column":8},"end":{"line":38,"column":56}},"14":{"start":{"line":41,"column":6},"end":{"line":41,"column":55}},"15":{"start":{"line":43,"column":6},"end":{"line":43,"column":57}},"16":{"start":{"line":48,"column":26},"end":{"line":75,"column":2}},"17":{"start":{"line":53,"column":4},"end":{"line":73,"column":9}},"18":{"start":{"line":55,"column":8},"end":{"line":55,"column":33}},"19":{"start":{"line":58,"column":8},"end":{"line":58,"column":36}},"20":{"start":{"line":61,"column":8},"end":{"line":61,"column":32}},"21":{"start":{"line":62,"column":8},"end":{"line":62,"column":45}},"22":{"start":{"line":65,"column":8},"end":{"line":65,"column":33}},"23":{"start":{"line":68,"column":8},"end":{"line":68,"column":38}},"24":{"start":{"line":71,"column":8},"end":{"line":71,"column":32}},"25":{"start":{"line":72,"column":8},"end":{"line":72,"column":45}}},"fnMap":{"0":{"name":"(anonymous_0)","decl":{"start":{"line":5,"column":2},"end":{"line":5,"column":3}},"loc":{"start":{"line":5,"column":40},"end":{"line":24,"column":3}},"line":5},"1":{"name":"(anonymous_1)","decl":{"start":{"line":29,"column":2},"end":{"line":29,"column":3}},"loc":{"start":{"line":29,"column":36},"end":{"line":45,"column":3}},"line":29},"2":{"name":"(anonymous_2)","decl":{"start":{"line":52,"column":17},"end":{"line":52,"column":18}},"loc":{"start":{"line":52,"column":30},"end":{"line":74,"column":3}},"line":52},"3":{"name":"(anonymous_3)","decl":{"start":{"line":54,"column":38},"end":{"line":54,"column":39}},"loc":{"start":{"line":54,"column":49},"end":{"line":56,"column":7}},"line":54},"4":{"name":"(anonymous_4)","decl":{"start":{"line":57,"column":40},"end":{"line":57,"column":41}},"loc":{"start":{"line":57,"column":51},"end":{"line":59,"column":7}},"line":57},"5":{"name":"(anonymous_5)","decl":{"start":{"line":60,"column":39},"end":{"line":60,"column":40}},"loc":{"start":{"line":60,"column":58},"end":{"line":63,"column":7}},"line":60},"6":{"name":"(anonymous_6)","decl":{"start":{"line":64,"column":40},"end":{"line":64,"column":41}},"loc":{"start":{"line":64,"column":51},"end":{"line":66,"column":7}},"line":64},"7":{"name":"(anonymous_7)","decl":{"start":{"line":67,"column":42},"end":{"line":67,"column":43}},"loc":{"start":{"line":67,"column":53},"end":{"line":69,"column":7}},"line":67},"8":{"name":"(anonymous_8)","decl":{"start":{"line":70,"column":41},"end":{"line":70,"column":42}},"loc":{"start":{"line":70,"column":60},"end":{"line":73,"column":7}},"line":70}},"branchMap":{"0":{"loc":{"start":{"line":16,"column":6},"end":{"line":18,"column":7}},"type":"if","locations":[{"start":{"line":16,"column":6},"end":{"line":18,"column":7}},{"start":{},"end":{}}],"line":16},"1":{"loc":{"start":{"line":37,"column":6},"end":{"line":39,"column":7}},"type":"if","locations":[{"start":{"line":37,"column":6},"end":{"line":39,"column":7}},{"start":{},"end":{}}],"line":37}},"s":{"0":1,"1":0,"2":0,"3":0,"4":0,"5":0,"6":0,"7":0,"8":1,"9":0,"10":0,"11":0,"12":0,"13":0,"14":0,"15":0,"16":1,"17":0,"18":0,"19":0,"20":0,"21":0,"22":0,"23":0,"24":0,"25":0},"f":{"0":0,"1":0,"2":0,"3":0,"4":0,"5":0,"6":0,"7":0,"8":0},"b":{"0":[0,0],"1":[0,0]},"_coverageSchema":"1a1c01bbd47fc00a2c39e90264f33305004495a9","hash":"610dee5f2a8ebde347160092e4faf6a14c2c7b52"}
,"C:\\Users\\Kevin_Bran\\Desktop\\CRE Advanced Front-End Program\\React State Management\\Mastering-State-in-React\\Mastering-State-in-React\\src\\redux\\userSlice.js": {"path":"C:\\Users\\Kevin_Bran\\Desktop\\CRE Advanced Front-End Program\\React State Management\\Mastering-State-in-React\\Mastering-State-in-React\\src\\redux\\userSlice.js","statementMap":{"0":{"start":{"line":3,"column":25},"end":{"line":10,"column":1}},"1":{"start":{"line":6,"column":21},"end":{"line":6,"column":67}},"2":{"start":{"line":7,"column":17},"end":{"line":7,"column":38}},"3":{"start":{"line":8,"column":4},"end":{"line":8,"column":51}},"4":{"start":{"line":8,"column":29},"end":{"line":8,"column":49}},"5":{"start":{"line":12,"column":18},"end":{"line":24,"column":2}},"6":{"start":{"line":16,"column":29},"end":{"line":16,"column":43}},"7":{"start":{"line":19,"column":4},"end":{"line":22,"column":9}},"8":{"start":{"line":21,"column":8},"end":{"line":21,"column":30}},"9":{"start":{"line":26,"column":27},"end":{"line":26,"column":44}}},"fnMap":{"0":{"name":"(anonymous_0)","decl":{"start":{"line":5,"column":2},"end":{"line":5,"column":3}},"loc":{"start":{"line":5,"column":19},"end":{"line":9,"column":3}},"line":5},"1":{"name":"(anonymous_1)","decl":{"start":{"line":8,"column":21},"end":{"line":8,"column":22}},"loc":{"start":{"line":8,"column":29},"end":{"line":8,"column":49}},"line":8},"2":{"name":"(anonymous_2)","decl":{"start":{"line":16,"column":13},"end":{"line":16,"column":14}},"loc":{"start":{"line":16,"column":29},"end":{"line":16,"column":43}},"line":16},"3":{"name":"(anonymous_3)","decl":{"start":{"line":18,"column":17},"end":{"line":18,"column":18}},"loc":{"start":{"line":18,"column":30},"end":{"line":23,"column":3}},"line":18},"4":{"name":"(anonymous_4)","decl":{"start":{"line":20,"column":36},"end":{"line":20,"column":37}},"loc":{"start":{"line":20,"column":55},"end":{"line":22,"column":7}},"line":20}},"branchMap":{},"s":{"0":1,"1":0,"2":0,"3":0,"4":0,"5":1,"6":0,"7":0,"8":0,"9":1},"f":{"0":0,"1":0,"2":0,"3":0,"4":0},"b":{},"_coverageSchema":"1a1c01bbd47fc00a2c39e90264f33305004495a9","hash":"ab400f0e5736ee1ef920e5428c636009a8b172fe"}
,"C:\\Users\\Kevin_Bran\\Desktop\\CRE Advanced Front-End Program\\React State Management\\Mastering-State-in-React\\Mastering-State-in-React\\src\\redux\\visibilitySlice.js": {"path":"C:\\Users\\Kevin_Bran\\Desktop\\CRE Advanced Front-End Program\\React State Management\\Mastering-State-in-React\\Mastering-State-in-React\\src\\redux\\visibilitySlice.js","statementMap":{"0":{"start":{"line":3,"column":24},"end":{"line":11,"column":2}},"1":{"start":{"line":8,"column":6},"end":{"line":8,"column":50}},"2":{"start":{"line":13,"column":33},"end":{"line":13,"column":56}}},"fnMap":{"0":{"name":"(anonymous_0)","decl":{"start":{"line":7,"column":19},"end":{"line":7,"column":20}},"loc":{"start":{"line":7,"column":38},"end":{"line":9,"column":5}},"line":7}},"branchMap":{},"s":{"0":1,"1":0,"2":1},"f":{"0":0},"b":{},"_coverageSchema":"1a1c01bbd47fc00a2c39e90264f33305004495a9","hash":"cc0842834670ac1b3c1a21b3fa81db10a942ca7f"}
}
