TN:
SF:src\Components\CommunityUser\CommunityUser.jsx
FN:8,CommunityUser
FN:12,(anonymous_1)
FN:15,(anonymous_2)
FN:18,(anonymous_3)
FN:46,oo_cm
FN:46,oo_oo
FN:46,oo_tr
FN:46,oo_ts
FN:46,oo_te
FNF:9
FNH:1
FNDA:2,CommunityUser
FNDA:0,(anonymous_1)
FNDA:0,(anonymous_2)
FNDA:0,(anonymous_3)
FNDA:0,oo_cm
FNDA:0,oo_oo
FNDA:0,oo_tr
FNDA:0,oo_ts
FNDA:0,oo_te
DA:9,2
DA:10,2
DA:12,2
DA:13,0
DA:14,0
DA:16,0
DA:19,0
DA:24,2
DA:46,0
LF:9
LH:4
BRDA:13,0,0,0
BRDA:13,0,1,0
BRDA:13,1,0,0
BRDA:13,1,1,0
BRDA:25,2,0,0
BRDA:25,2,1,2
BRDA:29,3,0,0
BRDA:29,3,1,0
BRDA:29,3,2,0
BRDA:46,4,0,0
BRDA:46,4,1,0
BRF:11
BRH:1
end_of_record
TN:
SF:src\Components\Footer\Footer.jsx
FN:3,(anonymous_0)
FNF:1
FNH:1
FNDA:1,(anonymous_0)
DA:3,1
DA:4,1
LF:2
LH:2
BRF:0
BRH:0
end_of_record
TN:
SF:src\Components\Header\Header.jsx
FN:5,Header
FN:8,(anonymous_1)
FNF:2
FNH:2
FNDA:1,Header
FNDA:1,(anonymous_1)
DA:6,1
DA:8,1
DA:9,1
DA:10,1
DA:13,1
LF:5
LH:5
BRDA:19,0,0,1
BRDA:19,0,1,0
BRF:2
BRH:1
end_of_record
TN:
SF:src\Components\JoinOurProgram\JoinOurProgram.jsx
FN:8,JoinOurProgram
FN:10,(anonymous_1)
FN:16,(anonymous_2)
FN:21,(anonymous_3)
FN:39,(anonymous_4)
FN:63,(anonymous_5)
FN:73,(anonymous_6)
FNF:7
FNH:3
FNDA:2,JoinOurProgram
FNDA:4,(anonymous_1)
FNDA:0,(anonymous_2)
FNDA:0,(anonymous_3)
FNDA:0,(anonymous_4)
FNDA:2,(anonymous_5)
FNDA:0,(anonymous_6)
DA:9,2
DA:10,4
DA:12,2
DA:17,0
DA:21,2
DA:22,0
DA:23,0
DA:24,0
DA:25,0
DA:26,0
DA:28,0
DA:29,0
DA:31,0
DA:35,0
DA:39,2
DA:40,0
DA:41,0
DA:42,0
DA:43,0
DA:44,0
DA:46,0
DA:47,0
DA:49,0
DA:53,0
DA:57,2
DA:64,2
DA:73,0
LF:27
LH:7
BRDA:22,0,0,0
BRDA:22,0,1,0
BRDA:24,1,0,0
BRDA:24,1,1,0
BRDA:28,2,0,0
BRDA:28,2,1,0
BRDA:40,3,0,0
BRDA:40,3,1,0
BRDA:42,4,0,0
BRDA:42,4,1,0
BRDA:46,5,0,0
BRDA:46,5,1,0
BRDA:69,6,0,2
BRDA:69,6,1,0
BRDA:69,7,0,2
BRDA:69,7,1,2
BRDA:73,8,0,2
BRDA:73,8,1,0
BRDA:73,9,0,2
BRDA:73,9,1,2
BRF:20
BRH:6
end_of_record
TN:
SF:src\Components\PageNotFound\PageNotFound.jsx
FN:4,PageNotFound
FNF:1
FNH:1
FNDA:4,PageNotFound
DA:5,4
LF:1
LH:1
BRF:0
BRH:0
end_of_record
TN:
SF:src\mocks\mockStore.js
FN:5,(anonymous_0)
FNF:1
FNH:1
FNDA:2,(anonymous_0)
DA:3,1
DA:5,1
DA:6,2
DA:21,2
LF:4
LH:4
BRF:0
BRH:0
end_of_record
TN:
SF:src\redux\subscriptionSlice.js
FN:5,(anonymous_0)
FN:29,(anonymous_1)
FN:52,(anonymous_2)
FN:54,(anonymous_3)
FN:57,(anonymous_4)
FN:60,(anonymous_5)
FN:64,(anonymous_6)
FN:67,(anonymous_7)
FN:70,(anonymous_8)
FNF:9
FNH:0
FNDA:0,(anonymous_0)
FNDA:0,(anonymous_1)
FNDA:0,(anonymous_2)
FNDA:0,(anonymous_3)
FNDA:0,(anonymous_4)
FNDA:0,(anonymous_5)
FNDA:0,(anonymous_6)
FNDA:0,(anonymous_7)
FNDA:0,(anonymous_8)
DA:3,1
DA:6,0
DA:8,0
DA:14,0
DA:16,0
DA:17,0
DA:20,0
DA:22,0
DA:27,1
DA:30,0
DA:31,0
DA:36,0
DA:37,0
DA:38,0
DA:41,0
DA:43,0
DA:48,1
DA:53,0
DA:55,0
DA:58,0
DA:61,0
DA:62,0
DA:65,0
DA:68,0
DA:71,0
DA:72,0
LF:26
LH:3
BRDA:16,0,0,0
BRDA:16,0,1,0
BRDA:37,1,0,0
BRDA:37,1,1,0
BRF:4
BRH:0
end_of_record
TN:
SF:src\redux\userSlice.js
FN:5,(anonymous_0)
FN:8,(anonymous_1)
FN:16,(anonymous_2)
FN:18,(anonymous_3)
FN:20,(anonymous_4)
FNF:5
FNH:0
FNDA:0,(anonymous_0)
FNDA:0,(anonymous_1)
FNDA:0,(anonymous_2)
FNDA:0,(anonymous_3)
FNDA:0,(anonymous_4)
DA:3,1
DA:6,0
DA:7,0
DA:8,0
DA:12,1
DA:16,0
DA:19,0
DA:21,0
DA:26,1
LF:9
LH:3
BRF:0
BRH:0
end_of_record
TN:
SF:src\redux\visibilitySlice.js
FN:7,(anonymous_0)
FNF:1
FNH:0
FNDA:0,(anonymous_0)
DA:3,1
DA:8,0
DA:13,1
LF:3
LH:2
BRF:0
BRH:0
end_of_record
